@@@@@@@@@@@@@@@@@@@@@@@@@@@@@@@@@@@@@@@@@@@@@@@@@@@@@@@@@@@
@    WARNING: REMOTE HOST IDENTIFICATION HAS CHANGED!     @
@@@@@@@@@@@@@@@@@@@@@@@@@@@@@@@@@@@@@@@@@@@@@@@@@@@@@@@@@@@
IT IS POSSIBLE THAT SOMEONE IS DOING SOMETHING NASTY!
Someone could be eavesdropping on you right now (man-in-the-middle attack)!
It is also possible that a host key has just been changed.
The fingerprint for the ECDSA key sent by the remote host is
53:ef:11:34:77:76:9b:bf:d9:2b:24:5c:d0:db:8a:38.
Please contact your system administrator.
Add correct host key in /home/gtcovas/.ssh/known_hosts to get rid of this message.
Offending ECDSA key in /home/gtcovas/.ssh/known_hosts:3
  remove with: ssh-keygen -f "/home/gtcovas/.ssh/known_hosts" -R 10.128.0.3
Password authentication is disabled to avoid man-in-the-middle attacks.
Keyboard-interactive authentication is disabled to avoid man-in-the-middle attacks.
@@@@@@@@@@@@@@@@@@@@@@@@@@@@@@@@@@@@@@@@@@@@@@@@@@@@@@@@@@@
@    WARNING: REMOTE HOST IDENTIFICATION HAS CHANGED!     @
@@@@@@@@@@@@@@@@@@@@@@@@@@@@@@@@@@@@@@@@@@@@@@@@@@@@@@@@@@@
IT IS POSSIBLE THAT SOMEONE IS DOING SOMETHING NASTY!
Someone could be eavesdropping on you right now (man-in-the-middle attack)!
It is also possible that a host key has just been changed.
The fingerprint for the ECDSA key sent by the remote host is
53:ef:11:34:77:76:9b:bf:d9:2b:24:5c:d0:db:8a:38.
Please contact your system administrator.
Add correct host key in /home/gtcovas/.ssh/known_hosts to get rid of this message.
Offending ECDSA key in /home/gtcovas/.ssh/known_hosts:3
  remove with: ssh-keygen -f "/home/gtcovas/.ssh/known_hosts" -R 10.128.0.3
Password authentication is disabled to avoid man-in-the-middle attacks.
Keyboard-interactive authentication is disabled to avoid man-in-the-middle attacks.
@@@@@@@@@@@@@@@@@@@@@@@@@@@@@@@@@@@@@@@@@@@@@@@@@@@@@@@@@@@
@    WARNING: REMOTE HOST IDENTIFICATION HAS CHANGED!     @
@@@@@@@@@@@@@@@@@@@@@@@@@@@@@@@@@@@@@@@@@@@@@@@@@@@@@@@@@@@
IT IS POSSIBLE THAT SOMEONE IS DOING SOMETHING NASTY!
Someone could be eavesdropping on you right now (man-in-the-middle attack)!
It is also possible that a host key has just been changed.
The fingerprint for the ECDSA key sent by the remote host is
53:ef:11:34:77:76:9b:bf:d9:2b:24:5c:d0:db:8a:38.
Please contact your system administrator.
Add correct host key in /home/gtcovas/.ssh/known_hosts to get rid of this message.
Offending ECDSA key in /home/gtcovas/.ssh/known_hosts:3
  remove with: ssh-keygen -f "/home/gtcovas/.ssh/known_hosts" -R 10.128.0.3
Password authentication is disabled to avoid man-in-the-middle attacks.
Keyboard-interactive authentication is disabled to avoid man-in-the-middle attacks.
@@@@@@@@@@@@@@@@@@@@@@@@@@@@@@@@@@@@@@@@@@@@@@@@@@@@@@@@@@@
@    WARNING: REMOTE HOST IDENTIFICATION HAS CHANGED!     @
@@@@@@@@@@@@@@@@@@@@@@@@@@@@@@@@@@@@@@@@@@@@@@@@@@@@@@@@@@@
IT IS POSSIBLE THAT SOMEONE IS DOING SOMETHING NASTY!
Someone could be eavesdropping on you right now (man-in-the-middle attack)!
It is also possible that a host key has just been changed.
The fingerprint for the ECDSA key sent by the remote host is
53:ef:11:34:77:76:9b:bf:d9:2b:24:5c:d0:db:8a:38.
Please contact your system administrator.
Add correct host key in /home/gtcovas/.ssh/known_hosts to get rid of this message.
Offending ECDSA key in /home/gtcovas/.ssh/known_hosts:3
  remove with: ssh-keygen -f "/home/gtcovas/.ssh/known_hosts" -R 10.128.0.3
Password authentication is disabled to avoid man-in-the-middle attacks.
Keyboard-interactive authentication is disabled to avoid man-in-the-middle attacks.
@@@@@@@@@@@@@@@@@@@@@@@@@@@@@@@@@@@@@@@@@@@@@@@@@@@@@@@@@@@
@    WARNING: REMOTE HOST IDENTIFICATION HAS CHANGED!     @
@@@@@@@@@@@@@@@@@@@@@@@@@@@@@@@@@@@@@@@@@@@@@@@@@@@@@@@@@@@
IT IS POSSIBLE THAT SOMEONE IS DOING SOMETHING NASTY!
Someone could be eavesdropping on you right now (man-in-the-middle attack)!
It is also possible that a host key has just been changed.
The fingerprint for the ECDSA key sent by the remote host is
53:ef:11:34:77:76:9b:bf:d9:2b:24:5c:d0:db:8a:38.
Please contact your system administrator.
Add correct host key in /home/gtcovas/.ssh/known_hosts to get rid of this message.
Offending ECDSA key in /home/gtcovas/.ssh/known_hosts:3
  remove with: ssh-keygen -f "/home/gtcovas/.ssh/known_hosts" -R 10.128.0.3
Password authentication is disabled to avoid man-in-the-middle attacks.
Keyboard-interactive authentication is disabled to avoid man-in-the-middle attacks.
@@@@@@@@@@@@@@@@@@@@@@@@@@@@@@@@@@@@@@@@@@@@@@@@@@@@@@@@@@@
@    WARNING: REMOTE HOST IDENTIFICATION HAS CHANGED!     @
@@@@@@@@@@@@@@@@@@@@@@@@@@@@@@@@@@@@@@@@@@@@@@@@@@@@@@@@@@@
IT IS POSSIBLE THAT SOMEONE IS DOING SOMETHING NASTY!
Someone could be eavesdropping on you right now (man-in-the-middle attack)!
It is also possible that a host key has just been changed.
The fingerprint for the ECDSA key sent by the remote host is
53:ef:11:34:77:76:9b:bf:d9:2b:24:5c:d0:db:8a:38.
Please contact your system administrator.
Add correct host key in /home/gtcovas/.ssh/known_hosts to get rid of this message.
Offending ECDSA key in /home/gtcovas/.ssh/known_hosts:3
  remove with: ssh-keygen -f "/home/gtcovas/.ssh/known_hosts" -R 10.128.0.3
Password authentication is disabled to avoid man-in-the-middle attacks.
Keyboard-interactive authentication is disabled to avoid man-in-the-middle attacks.
@@@@@@@@@@@@@@@@@@@@@@@@@@@@@@@@@@@@@@@@@@@@@@@@@@@@@@@@@@@
@    WARNING: REMOTE HOST IDENTIFICATION HAS CHANGED!     @
@@@@@@@@@@@@@@@@@@@@@@@@@@@@@@@@@@@@@@@@@@@@@@@@@@@@@@@@@@@
IT IS POSSIBLE THAT SOMEONE IS DOING SOMETHING NASTY!
Someone could be eavesdropping on you right now (man-in-the-middle attack)!
It is also possible that a host key has just been changed.
The fingerprint for the ECDSA key sent by the remote host is
53:ef:11:34:77:76:9b:bf:d9:2b:24:5c:d0:db:8a:38.
Please contact your system administrator.
Add correct host key in /home/gtcovas/.ssh/known_hosts to get rid of this message.
Offending ECDSA key in /home/gtcovas/.ssh/known_hosts:3
  remove with: ssh-keygen -f "/home/gtcovas/.ssh/known_hosts" -R 10.128.0.3
Password authentication is disabled to avoid man-in-the-middle attacks.
Keyboard-interactive authentication is disabled to avoid man-in-the-middle attacks.
@@@@@@@@@@@@@@@@@@@@@@@@@@@@@@@@@@@@@@@@@@@@@@@@@@@@@@@@@@@
@    WARNING: REMOTE HOST IDENTIFICATION HAS CHANGED!     @
@@@@@@@@@@@@@@@@@@@@@@@@@@@@@@@@@@@@@@@@@@@@@@@@@@@@@@@@@@@
IT IS POSSIBLE THAT SOMEONE IS DOING SOMETHING NASTY!
Someone could be eavesdropping on you right now (man-in-the-middle attack)!
It is also possible that a host key has just been changed.
The fingerprint for the ECDSA key sent by the remote host is
53:ef:11:34:77:76:9b:bf:d9:2b:24:5c:d0:db:8a:38.
Please contact your system administrator.
Add correct host key in /home/gtcovas/.ssh/known_hosts to get rid of this message.
Offending ECDSA key in /home/gtcovas/.ssh/known_hosts:3
  remove with: ssh-keygen -f "/home/gtcovas/.ssh/known_hosts" -R 10.128.0.3
Password authentication is disabled to avoid man-in-the-middle attacks.
Keyboard-interactive authentication is disabled to avoid man-in-the-middle attacks.
@@@@@@@@@@@@@@@@@@@@@@@@@@@@@@@@@@@@@@@@@@@@@@@@@@@@@@@@@@@
@    WARNING: REMOTE HOST IDENTIFICATION HAS CHANGED!     @
@@@@@@@@@@@@@@@@@@@@@@@@@@@@@@@@@@@@@@@@@@@@@@@@@@@@@@@@@@@
IT IS POSSIBLE THAT SOMEONE IS DOING SOMETHING NASTY!
Someone could be eavesdropping on you right now (man-in-the-middle attack)!
It is also possible that a host key has just been changed.
The fingerprint for the ECDSA key sent by the remote host is
53:ef:11:34:77:76:9b:bf:d9:2b:24:5c:d0:db:8a:38.
Please contact your system administrator.
Add correct host key in /home/gtcovas/.ssh/known_hosts to get rid of this message.
Offending ECDSA key in /home/gtcovas/.ssh/known_hosts:3
  remove with: ssh-keygen -f "/home/gtcovas/.ssh/known_hosts" -R 10.128.0.3
Password authentication is disabled to avoid man-in-the-middle attacks.
Keyboard-interactive authentication is disabled to avoid man-in-the-middle attacks.
@@@@@@@@@@@@@@@@@@@@@@@@@@@@@@@@@@@@@@@@@@@@@@@@@@@@@@@@@@@
@    WARNING: REMOTE HOST IDENTIFICATION HAS CHANGED!     @
@@@@@@@@@@@@@@@@@@@@@@@@@@@@@@@@@@@@@@@@@@@@@@@@@@@@@@@@@@@
IT IS POSSIBLE THAT SOMEONE IS DOING SOMETHING NASTY!
Someone could be eavesdropping on you right now (man-in-the-middle attack)!
It is also possible that a host key has just been changed.
The fingerprint for the ECDSA key sent by the remote host is
53:ef:11:34:77:76:9b:bf:d9:2b:24:5c:d0:db:8a:38.
Please contact your system administrator.
Add correct host key in /home/gtcovas/.ssh/known_hosts to get rid of this message.
Offending ECDSA key in /home/gtcovas/.ssh/known_hosts:3
  remove with: ssh-keygen -f "/home/gtcovas/.ssh/known_hosts" -R 10.128.0.3
Password authentication is disabled to avoid man-in-the-middle attacks.
Keyboard-interactive authentication is disabled to avoid man-in-the-middle attacks.

 Performance counter stats for 'mpirun -hostfile mpi_hosts -np 8 ./mandelbrot_mpi 0.175 0.375 -0.1 0.1 8192' (10 runs):

      30954.568971      task-clock (msec)         #    1.761 CPUs utilized            ( +-  0.05% )
               290      context-switches          #    0.009 K/sec                    ( +-  2.17% )
                21      cpu-migrations            #    0.001 K/sec                    ( +-  2.84% )
              3793      page-faults               #    0.123 K/sec                    ( +-  0.09% )
   <not supported>      cycles                   
   <not supported>      stalled-cycles-frontend  
   <not supported>      stalled-cycles-backend   
   <not supported>      instructions             
   <not supported>      branches                 
   <not supported>      branch-misses            

      17.580157870 seconds time elapsed                                          ( +-  0.23% )

