Warning: Permanently added '10.128.0.5' (ECDSA) to the list of known hosts.
Warning: Permanently added '10.128.0.4' (ECDSA) to the list of known hosts.
@@@@@@@@@@@@@@@@@@@@@@@@@@@@@@@@@@@@@@@@@@@@@@@@@@@@@@@@@@@
@    WARNING: REMOTE HOST IDENTIFICATION HAS CHANGED!     @
@@@@@@@@@@@@@@@@@@@@@@@@@@@@@@@@@@@@@@@@@@@@@@@@@@@@@@@@@@@
IT IS POSSIBLE THAT SOMEONE IS DOING SOMETHING NASTY!
Someone could be eavesdropping on you right now (man-in-the-middle attack)!
It is also possible that a host key has just been changed.
The fingerprint for the ECDSA key sent by the remote host is
53:ef:11:34:77:76:9b:bf:d9:2b:24:5c:d0:db:8a:38.
Please contact your system administrator.
Add correct host key in /home/gtcovas/.ssh/known_hosts to get rid of this message.
Offending ECDSA key in /home/gtcovas/.ssh/known_hosts:3
  remove with: ssh-keygen -f "/home/gtcovas/.ssh/known_hosts" -R 10.128.0.3
Password authentication is disabled to avoid man-in-the-middle attacks.
Keyboard-interactive authentication is disabled to avoid man-in-the-middle attacks.
@@@@@@@@@@@@@@@@@@@@@@@@@@@@@@@@@@@@@@@@@@@@@@@@@@@@@@@@@@@
@    WARNING: REMOTE HOST IDENTIFICATION HAS CHANGED!     @
@@@@@@@@@@@@@@@@@@@@@@@@@@@@@@@@@@@@@@@@@@@@@@@@@@@@@@@@@@@
IT IS POSSIBLE THAT SOMEONE IS DOING SOMETHING NASTY!
Someone could be eavesdropping on you right now (man-in-the-middle attack)!
It is also possible that a host key has just been changed.
The fingerprint for the ECDSA key sent by the remote host is
53:ef:11:34:77:76:9b:bf:d9:2b:24:5c:d0:db:8a:38.
Please contact your system administrator.
Add correct host key in /home/gtcovas/.ssh/known_hosts to get rid of this message.
Offending ECDSA key in /home/gtcovas/.ssh/known_hosts:3
  remove with: ssh-keygen -f "/home/gtcovas/.ssh/known_hosts" -R 10.128.0.3
Password authentication is disabled to avoid man-in-the-middle attacks.
Keyboard-interactive authentication is disabled to avoid man-in-the-middle attacks.
@@@@@@@@@@@@@@@@@@@@@@@@@@@@@@@@@@@@@@@@@@@@@@@@@@@@@@@@@@@
@    WARNING: REMOTE HOST IDENTIFICATION HAS CHANGED!     @
@@@@@@@@@@@@@@@@@@@@@@@@@@@@@@@@@@@@@@@@@@@@@@@@@@@@@@@@@@@
IT IS POSSIBLE THAT SOMEONE IS DOING SOMETHING NASTY!
Someone could be eavesdropping on you right now (man-in-the-middle attack)!
It is also possible that a host key has just been changed.
The fingerprint for the ECDSA key sent by the remote host is
53:ef:11:34:77:76:9b:bf:d9:2b:24:5c:d0:db:8a:38.
Please contact your system administrator.
Add correct host key in /home/gtcovas/.ssh/known_hosts to get rid of this message.
Offending ECDSA key in /home/gtcovas/.ssh/known_hosts:3
  remove with: ssh-keygen -f "/home/gtcovas/.ssh/known_hosts" -R 10.128.0.3
Password authentication is disabled to avoid man-in-the-middle attacks.
Keyboard-interactive authentication is disabled to avoid man-in-the-middle attacks.
@@@@@@@@@@@@@@@@@@@@@@@@@@@@@@@@@@@@@@@@@@@@@@@@@@@@@@@@@@@
@    WARNING: REMOTE HOST IDENTIFICATION HAS CHANGED!     @
@@@@@@@@@@@@@@@@@@@@@@@@@@@@@@@@@@@@@@@@@@@@@@@@@@@@@@@@@@@
IT IS POSSIBLE THAT SOMEONE IS DOING SOMETHING NASTY!
Someone could be eavesdropping on you right now (man-in-the-middle attack)!
It is also possible that a host key has just been changed.
The fingerprint for the ECDSA key sent by the remote host is
53:ef:11:34:77:76:9b:bf:d9:2b:24:5c:d0:db:8a:38.
Please contact your system administrator.
Add correct host key in /home/gtcovas/.ssh/known_hosts to get rid of this message.
Offending ECDSA key in /home/gtcovas/.ssh/known_hosts:3
  remove with: ssh-keygen -f "/home/gtcovas/.ssh/known_hosts" -R 10.128.0.3
Password authentication is disabled to avoid man-in-the-middle attacks.
Keyboard-interactive authentication is disabled to avoid man-in-the-middle attacks.
@@@@@@@@@@@@@@@@@@@@@@@@@@@@@@@@@@@@@@@@@@@@@@@@@@@@@@@@@@@
@    WARNING: REMOTE HOST IDENTIFICATION HAS CHANGED!     @
@@@@@@@@@@@@@@@@@@@@@@@@@@@@@@@@@@@@@@@@@@@@@@@@@@@@@@@@@@@
IT IS POSSIBLE THAT SOMEONE IS DOING SOMETHING NASTY!
Someone could be eavesdropping on you right now (man-in-the-middle attack)!
It is also possible that a host key has just been changed.
The fingerprint for the ECDSA key sent by the remote host is
53:ef:11:34:77:76:9b:bf:d9:2b:24:5c:d0:db:8a:38.
Please contact your system administrator.
Add correct host key in /home/gtcovas/.ssh/known_hosts to get rid of this message.
Offending ECDSA key in /home/gtcovas/.ssh/known_hosts:3
  remove with: ssh-keygen -f "/home/gtcovas/.ssh/known_hosts" -R 10.128.0.3
Password authentication is disabled to avoid man-in-the-middle attacks.
Keyboard-interactive authentication is disabled to avoid man-in-the-middle attacks.
@@@@@@@@@@@@@@@@@@@@@@@@@@@@@@@@@@@@@@@@@@@@@@@@@@@@@@@@@@@
@    WARNING: REMOTE HOST IDENTIFICATION HAS CHANGED!     @
@@@@@@@@@@@@@@@@@@@@@@@@@@@@@@@@@@@@@@@@@@@@@@@@@@@@@@@@@@@
IT IS POSSIBLE THAT SOMEONE IS DOING SOMETHING NASTY!
Someone could be eavesdropping on you right now (man-in-the-middle attack)!
It is also possible that a host key has just been changed.
The fingerprint for the ECDSA key sent by the remote host is
53:ef:11:34:77:76:9b:bf:d9:2b:24:5c:d0:db:8a:38.
Please contact your system administrator.
Add correct host key in /home/gtcovas/.ssh/known_hosts to get rid of this message.
Offending ECDSA key in /home/gtcovas/.ssh/known_hosts:3
  remove with: ssh-keygen -f "/home/gtcovas/.ssh/known_hosts" -R 10.128.0.3
Password authentication is disabled to avoid man-in-the-middle attacks.
Keyboard-interactive authentication is disabled to avoid man-in-the-middle attacks.
@@@@@@@@@@@@@@@@@@@@@@@@@@@@@@@@@@@@@@@@@@@@@@@@@@@@@@@@@@@
@    WARNING: REMOTE HOST IDENTIFICATION HAS CHANGED!     @
@@@@@@@@@@@@@@@@@@@@@@@@@@@@@@@@@@@@@@@@@@@@@@@@@@@@@@@@@@@
IT IS POSSIBLE THAT SOMEONE IS DOING SOMETHING NASTY!
Someone could be eavesdropping on you right now (man-in-the-middle attack)!
It is also possible that a host key has just been changed.
The fingerprint for the ECDSA key sent by the remote host is
53:ef:11:34:77:76:9b:bf:d9:2b:24:5c:d0:db:8a:38.
Please contact your system administrator.
Add correct host key in /home/gtcovas/.ssh/known_hosts to get rid of this message.
Offending ECDSA key in /home/gtcovas/.ssh/known_hosts:3
  remove with: ssh-keygen -f "/home/gtcovas/.ssh/known_hosts" -R 10.128.0.3
Password authentication is disabled to avoid man-in-the-middle attacks.
Keyboard-interactive authentication is disabled to avoid man-in-the-middle attacks.
@@@@@@@@@@@@@@@@@@@@@@@@@@@@@@@@@@@@@@@@@@@@@@@@@@@@@@@@@@@
@    WARNING: REMOTE HOST IDENTIFICATION HAS CHANGED!     @
@@@@@@@@@@@@@@@@@@@@@@@@@@@@@@@@@@@@@@@@@@@@@@@@@@@@@@@@@@@
IT IS POSSIBLE THAT SOMEONE IS DOING SOMETHING NASTY!
Someone could be eavesdropping on you right now (man-in-the-middle attack)!
It is also possible that a host key has just been changed.
The fingerprint for the ECDSA key sent by the remote host is
53:ef:11:34:77:76:9b:bf:d9:2b:24:5c:d0:db:8a:38.
Please contact your system administrator.
Add correct host key in /home/gtcovas/.ssh/known_hosts to get rid of this message.
Offending ECDSA key in /home/gtcovas/.ssh/known_hosts:3
  remove with: ssh-keygen -f "/home/gtcovas/.ssh/known_hosts" -R 10.128.0.3
Password authentication is disabled to avoid man-in-the-middle attacks.
Keyboard-interactive authentication is disabled to avoid man-in-the-middle attacks.
@@@@@@@@@@@@@@@@@@@@@@@@@@@@@@@@@@@@@@@@@@@@@@@@@@@@@@@@@@@
@    WARNING: REMOTE HOST IDENTIFICATION HAS CHANGED!     @
@@@@@@@@@@@@@@@@@@@@@@@@@@@@@@@@@@@@@@@@@@@@@@@@@@@@@@@@@@@
IT IS POSSIBLE THAT SOMEONE IS DOING SOMETHING NASTY!
Someone could be eavesdropping on you right now (man-in-the-middle attack)!
It is also possible that a host key has just been changed.
The fingerprint for the ECDSA key sent by the remote host is
53:ef:11:34:77:76:9b:bf:d9:2b:24:5c:d0:db:8a:38.
Please contact your system administrator.
Add correct host key in /home/gtcovas/.ssh/known_hosts to get rid of this message.
Offending ECDSA key in /home/gtcovas/.ssh/known_hosts:3
  remove with: ssh-keygen -f "/home/gtcovas/.ssh/known_hosts" -R 10.128.0.3
Password authentication is disabled to avoid man-in-the-middle attacks.
Keyboard-interactive authentication is disabled to avoid man-in-the-middle attacks.
@@@@@@@@@@@@@@@@@@@@@@@@@@@@@@@@@@@@@@@@@@@@@@@@@@@@@@@@@@@
@    WARNING: REMOTE HOST IDENTIFICATION HAS CHANGED!     @
@@@@@@@@@@@@@@@@@@@@@@@@@@@@@@@@@@@@@@@@@@@@@@@@@@@@@@@@@@@
IT IS POSSIBLE THAT SOMEONE IS DOING SOMETHING NASTY!
Someone could be eavesdropping on you right now (man-in-the-middle attack)!
It is also possible that a host key has just been changed.
The fingerprint for the ECDSA key sent by the remote host is
53:ef:11:34:77:76:9b:bf:d9:2b:24:5c:d0:db:8a:38.
Please contact your system administrator.
Add correct host key in /home/gtcovas/.ssh/known_hosts to get rid of this message.
Offending ECDSA key in /home/gtcovas/.ssh/known_hosts:3
  remove with: ssh-keygen -f "/home/gtcovas/.ssh/known_hosts" -R 10.128.0.3
Password authentication is disabled to avoid man-in-the-middle attacks.
Keyboard-interactive authentication is disabled to avoid man-in-the-middle attacks.

 Performance counter stats for 'mpirun -hostfile mpi_hosts -np 8 ./mandelbrot_mpi -2.5 1.5 -2.0 2.0 8192' (10 runs):

       5636.061429      task-clock (msec)         #    0.830 CPUs utilized            ( +-  0.58% )
               190      context-switches          #    0.034 K/sec                    ( +- 16.07% )
                26      cpu-migrations            #    0.005 K/sec                    ( +-  3.85% )
              3800      page-faults               #    0.674 K/sec                    ( +-  0.39% )
   <not supported>      cycles                   
   <not supported>      stalled-cycles-frontend  
   <not supported>      stalled-cycles-backend   
   <not supported>      instructions             
   <not supported>      branches                 
   <not supported>      branch-misses            

       6.790570767 seconds time elapsed                                          ( +-  3.62% )

