@@@@@@@@@@@@@@@@@@@@@@@@@@@@@@@@@@@@@@@@@@@@@@@@@@@@@@@@@@@
@    WARNING: REMOTE HOST IDENTIFICATION HAS CHANGED!     @
@@@@@@@@@@@@@@@@@@@@@@@@@@@@@@@@@@@@@@@@@@@@@@@@@@@@@@@@@@@
IT IS POSSIBLE THAT SOMEONE IS DOING SOMETHING NASTY!
Someone could be eavesdropping on you right now (man-in-the-middle attack)!
It is also possible that a host key has just been changed.
The fingerprint for the ECDSA key sent by the remote host is
aa:65:83:d6:28:ab:44:78:a8:dd:aa:c1:ca:fb:20:3b.
Please contact your system administrator.
Add correct host key in /home/gtcovas/.ssh/known_hosts to get rid of this message.
Offending ECDSA key in /home/gtcovas/.ssh/known_hosts:3
  remove with: ssh-keygen -f "/home/gtcovas/.ssh/known_hosts" -R 10.128.0.3
Password authentication is disabled to avoid man-in-the-middle attacks.
Keyboard-interactive authentication is disabled to avoid man-in-the-middle attacks.
@@@@@@@@@@@@@@@@@@@@@@@@@@@@@@@@@@@@@@@@@@@@@@@@@@@@@@@@@@@
@    WARNING: REMOTE HOST IDENTIFICATION HAS CHANGED!     @
@@@@@@@@@@@@@@@@@@@@@@@@@@@@@@@@@@@@@@@@@@@@@@@@@@@@@@@@@@@
IT IS POSSIBLE THAT SOMEONE IS DOING SOMETHING NASTY!
Someone could be eavesdropping on you right now (man-in-the-middle attack)!
It is also possible that a host key has just been changed.
The fingerprint for the ECDSA key sent by the remote host is
aa:65:83:d6:28:ab:44:78:a8:dd:aa:c1:ca:fb:20:3b.
Please contact your system administrator.
Add correct host key in /home/gtcovas/.ssh/known_hosts to get rid of this message.
Offending ECDSA key in /home/gtcovas/.ssh/known_hosts:3
  remove with: ssh-keygen -f "/home/gtcovas/.ssh/known_hosts" -R 10.128.0.3
Password authentication is disabled to avoid man-in-the-middle attacks.
Keyboard-interactive authentication is disabled to avoid man-in-the-middle attacks.
@@@@@@@@@@@@@@@@@@@@@@@@@@@@@@@@@@@@@@@@@@@@@@@@@@@@@@@@@@@
@    WARNING: REMOTE HOST IDENTIFICATION HAS CHANGED!     @
@@@@@@@@@@@@@@@@@@@@@@@@@@@@@@@@@@@@@@@@@@@@@@@@@@@@@@@@@@@
IT IS POSSIBLE THAT SOMEONE IS DOING SOMETHING NASTY!
Someone could be eavesdropping on you right now (man-in-the-middle attack)!
It is also possible that a host key has just been changed.
The fingerprint for the ECDSA key sent by the remote host is
aa:65:83:d6:28:ab:44:78:a8:dd:aa:c1:ca:fb:20:3b.
Please contact your system administrator.
Add correct host key in /home/gtcovas/.ssh/known_hosts to get rid of this message.
Offending ECDSA key in /home/gtcovas/.ssh/known_hosts:3
  remove with: ssh-keygen -f "/home/gtcovas/.ssh/known_hosts" -R 10.128.0.3
Password authentication is disabled to avoid man-in-the-middle attacks.
Keyboard-interactive authentication is disabled to avoid man-in-the-middle attacks.
@@@@@@@@@@@@@@@@@@@@@@@@@@@@@@@@@@@@@@@@@@@@@@@@@@@@@@@@@@@
@    WARNING: REMOTE HOST IDENTIFICATION HAS CHANGED!     @
@@@@@@@@@@@@@@@@@@@@@@@@@@@@@@@@@@@@@@@@@@@@@@@@@@@@@@@@@@@
IT IS POSSIBLE THAT SOMEONE IS DOING SOMETHING NASTY!
Someone could be eavesdropping on you right now (man-in-the-middle attack)!
It is also possible that a host key has just been changed.
The fingerprint for the ECDSA key sent by the remote host is
aa:65:83:d6:28:ab:44:78:a8:dd:aa:c1:ca:fb:20:3b.
Please contact your system administrator.
Add correct host key in /home/gtcovas/.ssh/known_hosts to get rid of this message.
Offending ECDSA key in /home/gtcovas/.ssh/known_hosts:3
  remove with: ssh-keygen -f "/home/gtcovas/.ssh/known_hosts" -R 10.128.0.3
Password authentication is disabled to avoid man-in-the-middle attacks.
Keyboard-interactive authentication is disabled to avoid man-in-the-middle attacks.
@@@@@@@@@@@@@@@@@@@@@@@@@@@@@@@@@@@@@@@@@@@@@@@@@@@@@@@@@@@
@    WARNING: REMOTE HOST IDENTIFICATION HAS CHANGED!     @
@@@@@@@@@@@@@@@@@@@@@@@@@@@@@@@@@@@@@@@@@@@@@@@@@@@@@@@@@@@
IT IS POSSIBLE THAT SOMEONE IS DOING SOMETHING NASTY!
Someone could be eavesdropping on you right now (man-in-the-middle attack)!
It is also possible that a host key has just been changed.
The fingerprint for the ECDSA key sent by the remote host is
aa:65:83:d6:28:ab:44:78:a8:dd:aa:c1:ca:fb:20:3b.
Please contact your system administrator.
Add correct host key in /home/gtcovas/.ssh/known_hosts to get rid of this message.
Offending ECDSA key in /home/gtcovas/.ssh/known_hosts:3
  remove with: ssh-keygen -f "/home/gtcovas/.ssh/known_hosts" -R 10.128.0.3
Password authentication is disabled to avoid man-in-the-middle attacks.
Keyboard-interactive authentication is disabled to avoid man-in-the-middle attacks.
@@@@@@@@@@@@@@@@@@@@@@@@@@@@@@@@@@@@@@@@@@@@@@@@@@@@@@@@@@@
@    WARNING: REMOTE HOST IDENTIFICATION HAS CHANGED!     @
@@@@@@@@@@@@@@@@@@@@@@@@@@@@@@@@@@@@@@@@@@@@@@@@@@@@@@@@@@@
IT IS POSSIBLE THAT SOMEONE IS DOING SOMETHING NASTY!
Someone could be eavesdropping on you right now (man-in-the-middle attack)!
It is also possible that a host key has just been changed.
The fingerprint for the ECDSA key sent by the remote host is
aa:65:83:d6:28:ab:44:78:a8:dd:aa:c1:ca:fb:20:3b.
Please contact your system administrator.
Add correct host key in /home/gtcovas/.ssh/known_hosts to get rid of this message.
Offending ECDSA key in /home/gtcovas/.ssh/known_hosts:3
  remove with: ssh-keygen -f "/home/gtcovas/.ssh/known_hosts" -R 10.128.0.3
Password authentication is disabled to avoid man-in-the-middle attacks.
Keyboard-interactive authentication is disabled to avoid man-in-the-middle attacks.
@@@@@@@@@@@@@@@@@@@@@@@@@@@@@@@@@@@@@@@@@@@@@@@@@@@@@@@@@@@
@    WARNING: REMOTE HOST IDENTIFICATION HAS CHANGED!     @
@@@@@@@@@@@@@@@@@@@@@@@@@@@@@@@@@@@@@@@@@@@@@@@@@@@@@@@@@@@
IT IS POSSIBLE THAT SOMEONE IS DOING SOMETHING NASTY!
Someone could be eavesdropping on you right now (man-in-the-middle attack)!
It is also possible that a host key has just been changed.
The fingerprint for the ECDSA key sent by the remote host is
aa:65:83:d6:28:ab:44:78:a8:dd:aa:c1:ca:fb:20:3b.
Please contact your system administrator.
Add correct host key in /home/gtcovas/.ssh/known_hosts to get rid of this message.
Offending ECDSA key in /home/gtcovas/.ssh/known_hosts:3
  remove with: ssh-keygen -f "/home/gtcovas/.ssh/known_hosts" -R 10.128.0.3
Password authentication is disabled to avoid man-in-the-middle attacks.
Keyboard-interactive authentication is disabled to avoid man-in-the-middle attacks.
@@@@@@@@@@@@@@@@@@@@@@@@@@@@@@@@@@@@@@@@@@@@@@@@@@@@@@@@@@@
@    WARNING: REMOTE HOST IDENTIFICATION HAS CHANGED!     @
@@@@@@@@@@@@@@@@@@@@@@@@@@@@@@@@@@@@@@@@@@@@@@@@@@@@@@@@@@@
IT IS POSSIBLE THAT SOMEONE IS DOING SOMETHING NASTY!
Someone could be eavesdropping on you right now (man-in-the-middle attack)!
It is also possible that a host key has just been changed.
The fingerprint for the ECDSA key sent by the remote host is
aa:65:83:d6:28:ab:44:78:a8:dd:aa:c1:ca:fb:20:3b.
Please contact your system administrator.
Add correct host key in /home/gtcovas/.ssh/known_hosts to get rid of this message.
Offending ECDSA key in /home/gtcovas/.ssh/known_hosts:3
  remove with: ssh-keygen -f "/home/gtcovas/.ssh/known_hosts" -R 10.128.0.3
Password authentication is disabled to avoid man-in-the-middle attacks.
Keyboard-interactive authentication is disabled to avoid man-in-the-middle attacks.
@@@@@@@@@@@@@@@@@@@@@@@@@@@@@@@@@@@@@@@@@@@@@@@@@@@@@@@@@@@
@    WARNING: REMOTE HOST IDENTIFICATION HAS CHANGED!     @
@@@@@@@@@@@@@@@@@@@@@@@@@@@@@@@@@@@@@@@@@@@@@@@@@@@@@@@@@@@
IT IS POSSIBLE THAT SOMEONE IS DOING SOMETHING NASTY!
Someone could be eavesdropping on you right now (man-in-the-middle attack)!
It is also possible that a host key has just been changed.
The fingerprint for the ECDSA key sent by the remote host is
aa:65:83:d6:28:ab:44:78:a8:dd:aa:c1:ca:fb:20:3b.
Please contact your system administrator.
Add correct host key in /home/gtcovas/.ssh/known_hosts to get rid of this message.
Offending ECDSA key in /home/gtcovas/.ssh/known_hosts:3
  remove with: ssh-keygen -f "/home/gtcovas/.ssh/known_hosts" -R 10.128.0.3
Password authentication is disabled to avoid man-in-the-middle attacks.
Keyboard-interactive authentication is disabled to avoid man-in-the-middle attacks.
@@@@@@@@@@@@@@@@@@@@@@@@@@@@@@@@@@@@@@@@@@@@@@@@@@@@@@@@@@@
@    WARNING: REMOTE HOST IDENTIFICATION HAS CHANGED!     @
@@@@@@@@@@@@@@@@@@@@@@@@@@@@@@@@@@@@@@@@@@@@@@@@@@@@@@@@@@@
IT IS POSSIBLE THAT SOMEONE IS DOING SOMETHING NASTY!
Someone could be eavesdropping on you right now (man-in-the-middle attack)!
It is also possible that a host key has just been changed.
The fingerprint for the ECDSA key sent by the remote host is
aa:65:83:d6:28:ab:44:78:a8:dd:aa:c1:ca:fb:20:3b.
Please contact your system administrator.
Add correct host key in /home/gtcovas/.ssh/known_hosts to get rid of this message.
Offending ECDSA key in /home/gtcovas/.ssh/known_hosts:3
  remove with: ssh-keygen -f "/home/gtcovas/.ssh/known_hosts" -R 10.128.0.3
Password authentication is disabled to avoid man-in-the-middle attacks.
Keyboard-interactive authentication is disabled to avoid man-in-the-middle attacks.

 Performance counter stats for 'mpirun -hostfile mpi_hosts -np 8 ./mandelbrot_mpi 0.175 0.375 -0.1 0.1 8192' (10 runs):

      18412.237289      task-clock (msec)         #    0.996 CPUs utilized            ( +-  0.20% )
               344      context-switches          #    0.019 K/sec                    ( +-  0.90% )
                 0      cpu-migrations            #    0.000 K/sec                  
              4245      page-faults               #    0.231 K/sec                    ( +-  0.11% )
   <not supported>      cycles                   
   <not supported>      stalled-cycles-frontend  
   <not supported>      stalled-cycles-backend   
   <not supported>      instructions             
   <not supported>      branches                 
   <not supported>      branch-misses            

      18.485906900 seconds time elapsed                                          ( +-  0.19% )

